build/app/intermediates/manifest_merge_blame_file/debug/manifest-merger-blame-debug-report.txt
1<?xml version="1.0" encoding="utf-8"?>
2<manifest xmlns:android="http://schemas.android.com/apk/res/android"
3    package="com.mesibo.mesibo_flutter_app"
4    android:versionCode="1"
5    android:versionName="1.0.0" >
6
7    <uses-sdk
8        android:minSdkVersion="16"
9        android:targetSdkVersion="26" />
10    <!--
11         Flutter needs it to communicate with the running application
12         to allow setting breakpoints, to provide hot reload, etc.
13    -->
14    <uses-permission android:name="android.permission.INTERNET" />
14-->src/debug/AndroidManifest.xml:6:5-66
14-->src/debug/AndroidManifest.xml:6:22-64
15    <uses-permission android:name="android.permission.ACCESS_NETWORK_STATE" />
15-->[com.mesibo.api:ui:1.1.35] AndroidManifest.xml:12:5-79
15-->[com.mesibo.api:ui:1.1.35] AndroidManifest.xml:12:22-76
16    <uses-permission android:name="android.permission.ACCESS_WIFI_STATE" />
16-->[com.mesibo.api:ui:1.1.35] AndroidManifest.xml:13:5-76
16-->[com.mesibo.api:ui:1.1.35] AndroidManifest.xml:13:22-73
17    <uses-permission android:name="android.permission.WRITE_EXTERNAL_STORAGE" />
17-->[com.mesibo.api:ui:1.1.35] AndroidManifest.xml:14:5-81
17-->[com.mesibo.api:ui:1.1.35] AndroidManifest.xml:14:22-78
18    <uses-permission android:name="android.permission.ACCESS_COARSE_LOCATION" />
18-->[com.mesibo.api:ui:1.1.35] AndroidManifest.xml:15:5-81
18-->[com.mesibo.api:ui:1.1.35] AndroidManifest.xml:15:22-78
19    <uses-permission android:name="android.permission.ACCESS_FINE_LOCATION" />
19-->[com.mesibo.api:ui:1.1.35] AndroidManifest.xml:16:5-79
19-->[com.mesibo.api:ui:1.1.35] AndroidManifest.xml:16:22-76
20    <uses-permission android:name="android.permission.READ_EXTERNAL_STORAGE" />
20-->[com.mesibo.api:ui:1.1.35] AndroidManifest.xml:17:5-80
20-->[com.mesibo.api:ui:1.1.35] AndroidManifest.xml:17:22-77
21    <uses-permission android:name="android.permission.CAMERA" />
21-->[com.mesibo.api:ui:1.1.35] AndroidManifest.xml:18:5-65
21-->[com.mesibo.api:ui:1.1.35] AndroidManifest.xml:18:22-62
22    <uses-permission android:name="android.permission.RECORD_AUDIO" />
22-->[com.mesibo.api:ui:1.1.35] AndroidManifest.xml:19:5-71
22-->[com.mesibo.api:ui:1.1.35] AndroidManifest.xml:19:22-68
23    <uses-permission android:name="android.permission.SYSTEM_ALERT_WINDOW" />
23-->[com.mesibo.api:calls:1.0.80] AndroidManifest.xml:11:5-78
23-->[com.mesibo.api:calls:1.0.80] AndroidManifest.xml:11:22-75
24    <uses-permission android:name="android.permission.ACTION_MANAGE_OVERLAY_PERMISSION" />
24-->[com.mesibo.api:calls:1.0.80] AndroidManifest.xml:12:5-91
24-->[com.mesibo.api:calls:1.0.80] AndroidManifest.xml:12:22-88
25    <uses-permission android:name="android.permission.VIBRATE" />
25-->[com.mesibo.api:calls:1.0.80] AndroidManifest.xml:13:5-66
25-->[com.mesibo.api:calls:1.0.80] AndroidManifest.xml:13:22-63
26
27    <uses-feature
27-->[com.mesibo.api:calls:1.0.80] AndroidManifest.xml:15:5-17:36
28        android:name="android.hardware.telephony"
28-->[com.mesibo.api:calls:1.0.80] AndroidManifest.xml:16:9-50
29        android:required="false" />
29-->[com.mesibo.api:calls:1.0.80] AndroidManifest.xml:17:9-33
30    <uses-feature
30-->[com.mesibo.api:calls:1.0.80] AndroidManifest.xml:18:5-20:36
31        android:name="android.hardware.bluetooth"
31-->[com.mesibo.api:calls:1.0.80] AndroidManifest.xml:19:9-50
32        android:required="false" />
32-->[com.mesibo.api:calls:1.0.80] AndroidManifest.xml:20:9-33
33
34    <uses-permission android:name="android.permission.BLUETOOTH" />
34-->[com.mesibo.api:calls:1.0.80] AndroidManifest.xml:22:5-68
34-->[com.mesibo.api:calls:1.0.80] AndroidManifest.xml:22:22-65
35    <uses-permission android:name="android.permission.BLUETOOTH_ADMIN" />
35-->[com.mesibo.api:calls:1.0.80] AndroidManifest.xml:23:5-74
35-->[com.mesibo.api:calls:1.0.80] AndroidManifest.xml:23:22-71
36    <uses-permission android:name="android.permission.READ_PHONE_STATE" />
36-->[com.mesibo.api:calls:1.0.80] AndroidManifest.xml:24:5-75
36-->[com.mesibo.api:calls:1.0.80] AndroidManifest.xml:24:22-72
37    <uses-permission android:name="android.permission.MANAGE_OWN_CALLS" />
37-->[com.mesibo.api:calls:1.0.80] AndroidManifest.xml:25:5-75
37-->[com.mesibo.api:calls:1.0.80] AndroidManifest.xml:25:22-72
38    <uses-permission android:name="android.permission.MODIFY_AUDIO_SETTINGS" />
38-->[com.mesibo.api:calls:1.0.80] AndroidManifest.xml:26:5-80
38-->[com.mesibo.api:calls:1.0.80] AndroidManifest.xml:26:22-77
39    <uses-permission android:name="android.permission.USE_CREDENTIALS" />
39-->[com.mesibo.api:calls:1.0.80] AndroidManifest.xml:28:5-74
39-->[com.mesibo.api:calls:1.0.80] AndroidManifest.xml:28:22-71
40    <uses-permission android:name="android.permission.VIBRATE" />
40-->[com.mesibo.api:calls:1.0.80] AndroidManifest.xml:13:5-66
40-->[com.mesibo.api:calls:1.0.80] AndroidManifest.xml:13:22-63
41    <uses-permission android:name="android.permission.WAKE_LOCK" /> <!-- some device having issues with this hence we keeping it options -->
41-->[com.mesibo.api:calls:1.0.80] AndroidManifest.xml:30:5-68
41-->[com.mesibo.api:calls:1.0.80] AndroidManifest.xml:30:22-65
42    <uses-feature
42-->[com.mesibo.api:calls:1.0.80] AndroidManifest.xml:33:5-35:36
43        android:name="android.hardware.camera"
43-->[com.mesibo.api:calls:1.0.80] AndroidManifest.xml:34:9-47
44        android:required="false" />
44-->[com.mesibo.api:calls:1.0.80] AndroidManifest.xml:35:9-33
45    <uses-feature
45-->[com.mesibo.api:calls:1.0.80] AndroidManifest.xml:36:5-38:36
46        android:name="android.hardware.camera.autofocus"
46-->[com.mesibo.api:calls:1.0.80] AndroidManifest.xml:37:9-57
47        android:required="false" />
47-->[com.mesibo.api:calls:1.0.80] AndroidManifest.xml:38:9-33
48    <uses-feature
48-->[com.mesibo.api:calls:1.0.80] AndroidManifest.xml:39:5-41:35
49        android:glEsVersion="0x00020000"
49-->[com.mesibo.api:calls:1.0.80] AndroidManifest.xml:40:9-41
50        android:required="true" />
50-->[com.mesibo.api:calls:1.0.80] AndroidManifest.xml:41:9-32
51
52    <uses-permission android:name="android.permission.STORAGE" />
52-->[com.mesibo.api:mediapicker:0.1.48] AndroidManifest.xml:12:5-66
52-->[com.mesibo.api:mediapicker:0.1.48] AndroidManifest.xml:12:22-63
53    <uses-permission android:name="com.android.alarm.permission.SET_ALARM" /> <!-- for android -->
53-->[com.mesibo.api:mesibo:1.0.94] AndroidManifest.xml:18:5-78
53-->[com.mesibo.api:mesibo:1.0.94] AndroidManifest.xml:18:22-75
54    <!-- <uses-permission android:name="com.android.launcher.permission.READ_SETTINGS"/> -->
55    <!-- <uses-permission android:name="com.android.launcher.permission.WRITE_SETTINGS"/> -->
56    <!-- <uses-permission android:name="com.android.launcher.permission.INSTALL_SHORTCUT" /> -->
57    <!-- <uses-permission android:name="com.android.launcher.permission.UNINSTALL_SHORTCUT" /> -->
58    <!-- for Samsung -->
59    <uses-permission android:name="com.sec.android.provider.badge.permission.READ" />
59-->[me.leolin:ShortcutBadger:1.1.22] AndroidManifest.xml:19:5-86
59-->[me.leolin:ShortcutBadger:1.1.22] AndroidManifest.xml:19:22-83
60    <uses-permission android:name="com.sec.android.provider.badge.permission.WRITE" /> <!-- for htc -->
60-->[me.leolin:ShortcutBadger:1.1.22] AndroidManifest.xml:20:5-87
60-->[me.leolin:ShortcutBadger:1.1.22] AndroidManifest.xml:20:22-84
61    <uses-permission android:name="com.htc.launcher.permission.READ_SETTINGS" />
61-->[me.leolin:ShortcutBadger:1.1.22] AndroidManifest.xml:23:5-81
61-->[me.leolin:ShortcutBadger:1.1.22] AndroidManifest.xml:23:22-78
62    <uses-permission android:name="com.htc.launcher.permission.UPDATE_SHORTCUT" /> <!-- for sony -->
62-->[me.leolin:ShortcutBadger:1.1.22] AndroidManifest.xml:24:5-83
62-->[me.leolin:ShortcutBadger:1.1.22] AndroidManifest.xml:24:22-80
63    <uses-permission android:name="com.sonyericsson.home.permission.BROADCAST_BADGE" />
63-->[me.leolin:ShortcutBadger:1.1.22] AndroidManifest.xml:27:5-88
63-->[me.leolin:ShortcutBadger:1.1.22] AndroidManifest.xml:27:22-85
64    <uses-permission android:name="com.sonymobile.home.permission.PROVIDER_INSERT_BADGE" /> <!-- for apex -->
64-->[me.leolin:ShortcutBadger:1.1.22] AndroidManifest.xml:28:5-92
64-->[me.leolin:ShortcutBadger:1.1.22] AndroidManifest.xml:28:22-89
65    <uses-permission android:name="com.anddoes.launcher.permission.UPDATE_COUNT" /> <!-- for solid -->
65-->[me.leolin:ShortcutBadger:1.1.22] AndroidManifest.xml:31:5-84
65-->[me.leolin:ShortcutBadger:1.1.22] AndroidManifest.xml:31:22-81
66    <uses-permission android:name="com.majeur.launcher.permission.UPDATE_BADGE" /> <!-- for huawei -->
66-->[me.leolin:ShortcutBadger:1.1.22] AndroidManifest.xml:34:5-83
66-->[me.leolin:ShortcutBadger:1.1.22] AndroidManifest.xml:34:22-80
67    <uses-permission android:name="com.huawei.android.launcher.permission.CHANGE_BADGE" />
67-->[me.leolin:ShortcutBadger:1.1.22] AndroidManifest.xml:37:5-91
67-->[me.leolin:ShortcutBadger:1.1.22] AndroidManifest.xml:37:22-88
68    <uses-permission android:name="com.huawei.android.launcher.permission.READ_SETTINGS" />
68-->[me.leolin:ShortcutBadger:1.1.22] AndroidManifest.xml:38:5-92
68-->[me.leolin:ShortcutBadger:1.1.22] AndroidManifest.xml:38:22-89
69    <uses-permission android:name="com.huawei.android.launcher.permission.WRITE_SETTINGS" /> <!-- for ZUK -->
69-->[me.leolin:ShortcutBadger:1.1.22] AndroidManifest.xml:39:5-93
69-->[me.leolin:ShortcutBadger:1.1.22] AndroidManifest.xml:39:22-90
70    <uses-permission android:name="android.permission.READ_APP_BADGE" /> <!-- for OPPO -->
70-->[me.leolin:ShortcutBadger:1.1.22] AndroidManifest.xml:42:5-73
70-->[me.leolin:ShortcutBadger:1.1.22] AndroidManifest.xml:42:22-70
71    <uses-permission android:name="com.oppo.launcher.permission.READ_SETTINGS" />
71-->[me.leolin:ShortcutBadger:1.1.22] AndroidManifest.xml:45:5-82
71-->[me.leolin:ShortcutBadger:1.1.22] AndroidManifest.xml:45:22-79
72    <uses-permission android:name="com.oppo.launcher.permission.WRITE_SETTINGS" /> <!-- for EvMe -->
72-->[me.leolin:ShortcutBadger:1.1.22] AndroidManifest.xml:46:5-83
72-->[me.leolin:ShortcutBadger:1.1.22] AndroidManifest.xml:46:22-80
73    <uses-permission android:name="me.everything.badger.permission.BADGE_COUNT_READ" />
73-->[me.leolin:ShortcutBadger:1.1.22] AndroidManifest.xml:49:5-88
73-->[me.leolin:ShortcutBadger:1.1.22] AndroidManifest.xml:49:22-85
74    <uses-permission android:name="me.everything.badger.permission.BADGE_COUNT_WRITE" />
74-->[me.leolin:ShortcutBadger:1.1.22] AndroidManifest.xml:50:5-89
74-->[me.leolin:ShortcutBadger:1.1.22] AndroidManifest.xml:50:22-86
75    <!--
76 io.flutter.app.FlutterApplication is an android.app.Application that
77            calls FlutterMain.startInitialization(this); in its onCreate method.
78            In most cases you can leave this as-is, but you if you want to provide
79            additional functionality it is fine to subclass or reimplement
80            FlutterApplication and put your custom class here.
81    -->
82    <application
82-->src/main/AndroidManifest.xml:9:5-37:19
83        android:name="io.flutter.app.FlutterApplication"
83-->src/main/AndroidManifest.xml:10:9-57
84        android:allowBackup="true"
84-->[com.mesibo.api:mediapicker:0.1.48] AndroidManifest.xml:18:9-35
85        android:appComponentFactory="androidx.core.app.CoreComponentFactory"
85-->[androidx.core:core:1.1.0] AndroidManifest.xml:24:18-86
86        android:debuggable="true"
87        android:icon="@mipmap/ic_launcher"
87-->src/main/AndroidManifest.xml:12:9-43
88        android:label="MesiboFlutterSample"
88-->src/main/AndroidManifest.xml:11:9-44
89        android:supportsRtl="true"
89-->[com.mesibo.api:mediapicker:0.1.48] AndroidManifest.xml:19:9-35
90        android:testOnly="true" >
91        <activity
91-->src/main/AndroidManifest.xml:13:9-31:20
92            android:name="com.mesibo.mesibo_flutter_app.MainActivity"
92-->src/main/AndroidManifest.xml:14:13-41
93            android:configChanges="orientation|keyboardHidden|keyboard|screenSize|locale|layoutDirection|fontScale|screenLayout|density|uiMode"
93-->src/main/AndroidManifest.xml:17:13-144
94            android:hardwareAccelerated="true"
94-->src/main/AndroidManifest.xml:18:13-47
95            android:launchMode="singleTop"
95-->src/main/AndroidManifest.xml:15:13-43
96            android:theme="@style/LaunchTheme"
96-->src/main/AndroidManifest.xml:16:13-47
97            android:windowSoftInputMode="adjustResize" >
97-->src/main/AndroidManifest.xml:19:13-55
98
99            <!--
100                 This keeps the window background of the activity showing
101                 until Flutter renders its first frame. It can be removed if
102                 there is no splash screen (such as the default splash screen
103                 defined in @style/LaunchTheme).
104            -->
105            <meta-data
105-->src/main/AndroidManifest.xml:24:13-26:40
106                android:name="io.flutter.app.android.SplashScreenUntilFirstFrame"
106-->src/main/AndroidManifest.xml:25:17-82
107                android:value="true" />
107-->src/main/AndroidManifest.xml:26:17-37
108
109            <intent-filter>
109-->src/main/AndroidManifest.xml:27:13-30:29
110                <action android:name="android.intent.action.MAIN" />
110-->src/main/AndroidManifest.xml:28:17-68
110-->src/main/AndroidManifest.xml:28:25-66
111
112                <category android:name="android.intent.category.LAUNCHER" />
112-->src/main/AndroidManifest.xml:29:17-76
112-->src/main/AndroidManifest.xml:29:27-74
113            </intent-filter>
114        </activity>
115        <activity
115-->src/main/AndroidManifest.xml:33:9-34:71
116            android:name="com.mesibo.mesibo_flutter_app.MessagingActivity"
116-->src/main/AndroidManifest.xml:33:19-52
117            android:theme="@style/Theme.AppCompat.Light.NoActionBar" />
117-->src/main/AndroidManifest.xml:34:13-69
118        <activity
118-->[com.mesibo.api:ui:1.1.35] AndroidManifest.xml:22:9-25:59
119            android:name="com.mesibo.messaging.MesiboActivity"
119-->[com.mesibo.api:ui:1.1.35] AndroidManifest.xml:23:13-63
120            android:theme="@style/MesiboAppTheme"
120-->[com.mesibo.api:ui:1.1.35] AndroidManifest.xml:24:13-50
121            android:windowSoftInputMode="adjustNothing" />
121-->[com.mesibo.api:ui:1.1.35] AndroidManifest.xml:25:13-56
122        <activity
122-->[com.mesibo.api:ui:1.1.35] AndroidManifest.xml:26:9-28:53
123            android:name="com.mesibo.messaging.MessagingActivity"
123-->[com.mesibo.api:ui:1.1.35] AndroidManifest.xml:27:13-66
124            android:theme="@style/MesiboAppTheme" />
124-->[com.mesibo.api:ui:1.1.35] AndroidManifest.xml:28:13-50
125        <activity
125-->[com.mesibo.api:ui:1.1.35] AndroidManifest.xml:29:9-31:53
126            android:name="com.mesibo.messaging.MessagingActivityNew"
126-->[com.mesibo.api:ui:1.1.35] AndroidManifest.xml:30:13-69
127            android:theme="@style/MesiboAppTheme" />
127-->[com.mesibo.api:ui:1.1.35] AndroidManifest.xml:31:13-50
128        <activity
128-->[com.mesibo.api:ui:1.1.35] AndroidManifest.xml:32:9-34:55
129            android:name="com.mesibo.messaging.CreateNewGroupActivity"
129-->[com.mesibo.api:ui:1.1.35] AndroidManifest.xml:33:13-71
130            android:theme="@style/CreateGroupTheme" />
130-->[com.mesibo.api:ui:1.1.35] AndroidManifest.xml:34:13-52
131        <activity
131-->[com.mesibo.api:calls:1.0.80] AndroidManifest.xml:47:9-52:63
132            android:name="com.mesibo.calls.AudioCallActivity"
132-->[com.mesibo.api:calls:1.0.80] AndroidManifest.xml:48:13-62
133            android:configChanges="orientation|keyboardHidden"
133-->[com.mesibo.api:calls:1.0.80] AndroidManifest.xml:49:13-63
134            android:screenOrientation="portrait"
134-->[com.mesibo.api:calls:1.0.80] AndroidManifest.xml:50:13-49
135            android:theme="@style/CallActivityTheme"
135-->[com.mesibo.api:calls:1.0.80] AndroidManifest.xml:51:13-53
136            android:windowSoftInputMode="stateAlwaysHidden" />
136-->[com.mesibo.api:calls:1.0.80] AndroidManifest.xml:52:13-60
137        <activity
137-->[com.mesibo.api:calls:1.0.80] AndroidManifest.xml:53:9-58:63
138            android:name="com.mesibo.calls.VideoCallActivity"
138-->[com.mesibo.api:calls:1.0.80] AndroidManifest.xml:54:13-62
139            android:configChanges="orientation|smallestScreenSize|screenSize|screenLayout"
139-->[com.mesibo.api:calls:1.0.80] AndroidManifest.xml:55:13-91
140            android:screenOrientation="fullUser"
140-->[com.mesibo.api:calls:1.0.80] AndroidManifest.xml:56:13-49
141            android:theme="@style/CallActivityTheme"
141-->[com.mesibo.api:calls:1.0.80] AndroidManifest.xml:57:13-53
142            android:windowSoftInputMode="stateAlwaysHidden" />
142-->[com.mesibo.api:calls:1.0.80] AndroidManifest.xml:58:13-60
143        <activity
143-->[com.mesibo.api:calls:1.0.80] AndroidManifest.xml:59:9-64:63
144            android:name="com.mesibo.calls.CallLogs.CallLogsActivity"
144-->[com.mesibo.api:calls:1.0.80] AndroidManifest.xml:60:13-70
145            android:configChanges="orientation|keyboardHidden"
145-->[com.mesibo.api:calls:1.0.80] AndroidManifest.xml:61:13-63
146            android:screenOrientation="portrait"
146-->[com.mesibo.api:calls:1.0.80] AndroidManifest.xml:62:13-49
147            android:theme="@style/CallLogsActivityTheme"
147-->[com.mesibo.api:calls:1.0.80] AndroidManifest.xml:63:13-57
148            android:windowSoftInputMode="stateAlwaysHidden" />
148-->[com.mesibo.api:calls:1.0.80] AndroidManifest.xml:64:13-60
149        <activity
149-->[com.mesibo.api:calls:1.0.80] AndroidManifest.xml:65:9-70:63
150            android:name="com.mesibo.calls.CallLogs.CallLogsDetailsActivity"
150-->[com.mesibo.api:calls:1.0.80] AndroidManifest.xml:66:13-77
151            android:configChanges="orientation|keyboardHidden"
151-->[com.mesibo.api:calls:1.0.80] AndroidManifest.xml:67:13-63
152            android:screenOrientation="portrait"
152-->[com.mesibo.api:calls:1.0.80] AndroidManifest.xml:68:13-49
153            android:theme="@style/CallLogsDetailsActivityTheme"
153-->[com.mesibo.api:calls:1.0.80] AndroidManifest.xml:69:13-64
154            android:windowSoftInputMode="stateAlwaysHidden" />
154-->[com.mesibo.api:calls:1.0.80] AndroidManifest.xml:70:13-60
155
156        <service
156-->[com.mesibo.api:calls:1.0.80] AndroidManifest.xml:72:9-79:19
157            android:name="com.mesibo.calls.MesiboConnectionService"
157-->[com.mesibo.api:calls:1.0.80] AndroidManifest.xml:73:13-68
158            android:label="MesiboConnectionService"
158-->[com.mesibo.api:calls:1.0.80] AndroidManifest.xml:74:13-52
159            android:permission="android.permission.BIND_TELECOM_CONNECTION_SERVICE" >
159-->[com.mesibo.api:calls:1.0.80] AndroidManifest.xml:75:13-84
160            <intent-filter>
160-->[com.mesibo.api:calls:1.0.80] AndroidManifest.xml:76:13-78:29
161                <action android:name="android.telecom.ConnectionService" />
161-->[com.mesibo.api:calls:1.0.80] AndroidManifest.xml:77:17-76
161-->[com.mesibo.api:calls:1.0.80] AndroidManifest.xml:77:25-73
162            </intent-filter>
163        </service>
164
165        <activity
165-->[com.mesibo.api:mediapicker:0.1.48] AndroidManifest.xml:20:9-23:59
166            android:name="com.mesibo.mediapicker.AlbumStartActivity"
166-->[com.mesibo.api:mediapicker:0.1.48] AndroidManifest.xml:21:13-69
167            android:label="@string/title_activity_facebook_album"
167-->[com.mesibo.api:mediapicker:0.1.48] AndroidManifest.xml:22:13-66
168            android:theme="@style/AppTheme.NoActionBar" />
168-->[com.mesibo.api:mediapicker:0.1.48] AndroidManifest.xml:23:13-56
169        <activity
169-->[com.mesibo.api:mediapicker:0.1.48] AndroidManifest.xml:24:9-27:55
170            android:name="com.mesibo.mediapicker.zoomVuPictureActivity"
170-->[com.mesibo.api:mediapicker:0.1.48] AndroidManifest.xml:25:13-72
171            android:label="@string/title_activity_zoomPictureVu"
171-->[com.mesibo.api:mediapicker:0.1.48] AndroidManifest.xml:26:13-65
172            android:theme="@style/ImageEditorTheme" />
172-->[com.mesibo.api:mediapicker:0.1.48] AndroidManifest.xml:27:13-52
173        <activity
173-->[com.mesibo.api:mediapicker:0.1.48] AndroidManifest.xml:28:9-31:70
174            android:name="com.mesibo.mediapicker.ImageEditor"
174-->[com.mesibo.api:mediapicker:0.1.48] AndroidManifest.xml:29:13-62
175            android:theme="@style/ImageEditorTheme"
175-->[com.mesibo.api:mediapicker:0.1.48] AndroidManifest.xml:30:13-52
176            android:windowSoftInputMode="stateHidden|adjustResize" />
176-->[com.mesibo.api:mediapicker:0.1.48] AndroidManifest.xml:31:13-67
177
178        <provider
178-->[com.mesibo.api:mediapicker:0.1.48] AndroidManifest.xml:33:9-41:20
179            android:name="androidx.core.content.FileProvider"
179-->[com.mesibo.api:mediapicker:0.1.48] AndroidManifest.xml:34:13-62
180            android:authorities="com.mesibo.mesibo_flutter_app.provider"
180-->[com.mesibo.api:mediapicker:0.1.48] AndroidManifest.xml:35:13-60
181            android:exported="false"
181-->[com.mesibo.api:mediapicker:0.1.48] AndroidManifest.xml:36:13-37
182            android:grantUriPermissions="true" >
182-->[com.mesibo.api:mediapicker:0.1.48] AndroidManifest.xml:37:13-47
183            <meta-data
183-->[com.mesibo.api:mediapicker:0.1.48] AndroidManifest.xml:38:13-40:58
184                android:name="android.support.FILE_PROVIDER_PATHS"
184-->[com.mesibo.api:mediapicker:0.1.48] AndroidManifest.xml:39:17-67
185                android:resource="@xml/provider_paths" />
185-->[com.mesibo.api:mediapicker:0.1.48] AndroidManifest.xml:40:17-55
186        </provider>
187
188        <service
188-->[com.mesibo.api:mesibo:1.0.94] AndroidManifest.xml:23:9-26:19
189            android:name="com.mesibo.api.MesiboService"
189-->[com.mesibo.api:mesibo:1.0.94] AndroidManifest.xml:24:13-56
190            android:enabled="true" >
190-->[com.mesibo.api:mesibo:1.0.94] AndroidManifest.xml:25:13-35
191        </service>
192
193        <receiver
193-->[com.mesibo.api:mesibo:1.0.94] AndroidManifest.xml:28:9-34:20
194            android:name="com.mesibo.api.NetworkStateReceiver"
194-->[com.mesibo.api:mesibo:1.0.94] AndroidManifest.xml:29:13-63
195            android:enabled="true" >
195-->[com.mesibo.api:mesibo:1.0.94] AndroidManifest.xml:30:13-35
196            <intent-filter>
196-->[com.mesibo.api:mesibo:1.0.94] AndroidManifest.xml:31:13-33:29
197                <action android:name="android.net.conn.CONNECTIVITY_CHANGE" />
197-->[com.mesibo.api:mesibo:1.0.94] AndroidManifest.xml:32:17-79
197-->[com.mesibo.api:mesibo:1.0.94] AndroidManifest.xml:32:25-76
198            </intent-filter>
199        </receiver>
200        <receiver
200-->[com.mesibo.api:mesibo:1.0.94] AndroidManifest.xml:35:9-47:20
201            android:name="com.mesibo.api.GenericReceiver"
201-->[com.mesibo.api:mesibo:1.0.94] AndroidManifest.xml:36:13-58
202            android:enabled="true" >
202-->[com.mesibo.api:mesibo:1.0.94] AndroidManifest.xml:37:13-35
203            <intent-filter>
203-->[com.mesibo.api:mesibo:1.0.94] AndroidManifest.xml:38:13-46:29
204                <action android:name="android.intent.action.ACTION_POWER_CONNECTED" />
204-->[com.mesibo.api:mesibo:1.0.94] AndroidManifest.xml:39:17-87
204-->[com.mesibo.api:mesibo:1.0.94] AndroidManifest.xml:39:25-84
205                <action android:name="android.intent.action.ACTION_POWER_DISCONNECTED" />
205-->[com.mesibo.api:mesibo:1.0.94] AndroidManifest.xml:40:17-90
205-->[com.mesibo.api:mesibo:1.0.94] AndroidManifest.xml:40:25-87
206                <action android:name="android.intent.action.ACTION_BATTERY_CHANGED" />
206-->[com.mesibo.api:mesibo:1.0.94] AndroidManifest.xml:41:17-87
206-->[com.mesibo.api:mesibo:1.0.94] AndroidManifest.xml:41:25-84
207                <action android:name="android.intent.action.USER_PRESENT" />
207-->[com.mesibo.api:mesibo:1.0.94] AndroidManifest.xml:42:17-77
207-->[com.mesibo.api:mesibo:1.0.94] AndroidManifest.xml:42:25-74
208                <action android:name="android.intent.action.SCREEN_ON" />
208-->[com.mesibo.api:mesibo:1.0.94] AndroidManifest.xml:43:17-74
208-->[com.mesibo.api:mesibo:1.0.94] AndroidManifest.xml:43:25-71
209                <action android:name="android.intent.action.SCREEN_OFF" />
209-->[com.mesibo.api:mesibo:1.0.94] AndroidManifest.xml:44:17-75
209-->[com.mesibo.api:mesibo:1.0.94] AndroidManifest.xml:44:25-72
210                <action android:name="android.intent.action.ACTION_SHUTDOWN" />
210-->[com.mesibo.api:mesibo:1.0.94] AndroidManifest.xml:45:17-80
210-->[com.mesibo.api:mesibo:1.0.94] AndroidManifest.xml:45:25-77
211            </intent-filter>
212        </receiver>
213
214        <provider
214-->[com.mesibo.api:mesibo:1.0.94] AndroidManifest.xml:49:9-57:20
215            android:name="com.mesibo.api.MesiboFileProvider"
215-->[com.mesibo.api:mesibo:1.0.94] AndroidManifest.xml:50:13-61
216            android:authorities="com.mesibo.mesibo_flutter_app.mesibofileprovider"
216-->[com.mesibo.api:mesibo:1.0.94] AndroidManifest.xml:51:13-70
217            android:exported="false"
217-->[com.mesibo.api:mesibo:1.0.94] AndroidManifest.xml:52:13-37
218            android:grantUriPermissions="true" >
218-->[com.mesibo.api:mesibo:1.0.94] AndroidManifest.xml:53:13-47
219            <meta-data
219-->[com.mesibo.api:mediapicker:0.1.48] AndroidManifest.xml:38:13-40:58
220                android:name="android.support.FILE_PROVIDER_PATHS"
220-->[com.mesibo.api:mediapicker:0.1.48] AndroidManifest.xml:39:17-67
221                android:resource="@xml/provider_paths" />
221-->[com.mesibo.api:mediapicker:0.1.48] AndroidManifest.xml:40:17-55
222        </provider>
223
224        <activity
224-->[com.google.android.gms:play-services-base:16.0.1] AndroidManifest.xml:23:9-26:75
225            android:name="com.google.android.gms.common.api.GoogleApiActivity"
225-->[com.google.android.gms:play-services-base:16.0.1] AndroidManifest.xml:24:13-79
226            android:exported="false"
226-->[com.google.android.gms:play-services-base:16.0.1] AndroidManifest.xml:25:13-37
227            android:theme="@android:style/Theme.Translucent.NoTitleBar" />
227-->[com.google.android.gms:play-services-base:16.0.1] AndroidManifest.xml:26:13-72
228
229        <meta-data
229-->[com.google.android.gms:play-services-basement:16.0.1] AndroidManifest.xml:23:9-25:69
230            android:name="com.google.android.gms.version"
230-->[com.google.android.gms:play-services-basement:16.0.1] AndroidManifest.xml:24:13-58
231            android:value="@integer/google_play_services_version" />
231-->[com.google.android.gms:play-services-basement:16.0.1] AndroidManifest.xml:25:13-66
232
233        <provider
233-->[androidx.lifecycle:lifecycle-process:2.0.0] AndroidManifest.xml:23:9-27:43
234            android:name="androidx.lifecycle.ProcessLifecycleOwnerInitializer"
234-->[androidx.lifecycle:lifecycle-process:2.0.0] AndroidManifest.xml:24:13-79
235            android:authorities="com.mesibo.mesibo_flutter_app.lifecycle-process"
235-->[androidx.lifecycle:lifecycle-process:2.0.0] AndroidManifest.xml:25:13-69
236            android:exported="false"
236-->[androidx.lifecycle:lifecycle-process:2.0.0] AndroidManifest.xml:26:13-37
237            android:multiprocess="true" />
237-->[androidx.lifecycle:lifecycle-process:2.0.0] AndroidManifest.xml:27:13-40
238    </application>
239
240</manifest>